         w __deregister_frame_info
         w __register_frame_info
         w _ITM_deregisterTMCloneTable
         w _ITM_registerTMCloneTable
         w _Jv_RegisterClasses
00000000 b .LANCHOR2
00000000 00000401 b __fixedpath
00000000 b _TLS_MODULE_BASE_
00000000 a shift
00000000 a shift
00000404 b .LANCHOR4
00000404 00000802 b __utf16path
00000c08 b .LANCHOR6
00000c08 00000802 b __utf16path_old.7945
00100000 a __start__
00100000 T _start
00100008 T __service_ptr
0010000c T __apt_appid
00100010 T __heap_size
00100014 T __linear_heap_size
00100018 T __system_arglist
0010001c T __system_runflags
00100020 t startup
00100058 t ClearMem
0010006c t ClrLoop
00100094 T _init
001000ac T main
001000f0 t loop
00100100 t exit
0010011c T initSystem
00100160 T __ctru_exit
00100180 T __aeabi_idiv
00100180 00000220 T __divsi3
00100188 t .divsi3_skip_div0_test
001003a0 00000020 T __aeabi_idivmod
001003c0 00000004 W __aeabi_idiv0
001003c0 00000004 W __aeabi_ldiv0
001003c4 T __aeabi_uldivmod
00100408 00000390 T strcmp
00100790 t .udivsi3_skip_div0_test
00100790 T __aeabi_uidiv
00100790 000001ec T __udivsi3
0010097c 00000020 T __aeabi_uidivmod
0010099c t deregister_tm_clones
001009cc t register_tm_clones
00100a04 t __do_global_dtors_aux
00100a48 t frame_dummy
00100aa4 000001b0 T consoleDrawChar
00100c54 00000124 T consolePrintChar
00100d78 00000190 t consoleCls
00100f08 00000104 T consoleInit
0010100c 00000144 t consoleClearLine
00101150 000000bc t newRow
0010120c 00000774 T con_write
00101980 0000008c t gfxSetFramebufferInfo.part.0
00101a0c 00000018 T __get_bytes_per_pixel
00101a24 00000180 T gfxSetScreenFormat
00101ba4 00000010 T gfxSetDoubleBuffering
00101bb4 00000070 T gfxSetFramebufferInfo
00101c24 000000b0 T gfxWriteFramebufferInfo
00101cd4 0000020c T gfxInit
00101ee0 00000010 T gfxInitDefault
00101ef0 000000e0 T gfxExit
00101fd0 000000bc T gfxGetFramebuffer
0010208c 000000e0 T gfxFlushBuffers
0010216c 00000060 T gfxConfigScreen
001021cc 00000020 T gfxSwapBuffersGpu
001021ec 00000004 W _aptDebug
001021f0 00000138 T aptSendCommand
00102328 0000003c t aptExitProcess
00102364 0000004c T APT_InquireNotification
001023b0 0000019c t aptEventHandler
0010254c 00000074 T APT_AppletUtility
001025c0 000000b4 T aptSetSleepAllowed
00102674 000000b4 T APT_GlanceParameter
00102728 000000c0 T APT_ReceiveParameter
001027e8 000000bc t aptReceiveParameter.constprop.0
001028a8 000001ec t aptScreenTransfer
00102a94 00000228 t aptWaitForWakeUp
00102cbc 00000070 T APT_CancelParameter
00102d2c 0000027c T aptInit
00102fa8 00000090 t aptClearParamQueue
00103038 00000210 T aptMainLoop
00103248 0000021c T aptExit
00103464 0000007c T APT_CheckNew3DS
001034e0 00000074 T gspInit
00103554 0000003c T gspExit
00103590 000000a0 T gspInitEventHandler
00103630 00000040 T gspExitEventHandler
00103670 00000044 T gspWaitForEvent
001036b4 00000004 W gxCmdQueueInterrupt
001036b8 0000017c t gspEventThreadMain
00103834 0000006c T GSPGPU_SetBufferSwap
001038a0 0000004c T GSPGPU_FlushDataCache
001038ec 00000034 T GSPGPU_SetLcdForceBlack
00103920 00000064 T GSPGPU_RegisterInterruptRelayQueue
00103984 0000002c T GSPGPU_UnregisterInterruptRelayQueue
001039b0 00000048 T GSPGPU_AcquireRight
001039f8 0000002c T GSPGPU_ReleaseRight
00103a24 00000080 T GSPGPU_ImportDisplayCaptureInfo
00103aa4 0000002c T GSPGPU_SaveVramSysArea
00103ad0 0000002c T GSPGPU_RestoreVramSysArea
00103afc 000000e8 T __system_initArgv
00103be4 00000038 W __libctru_init
00103c1c 00000030 t __ctru_get_reent
00103c4c 000000e4 T __system_initSyscalls
00103d30 T svcControlMemory
00103d50 T svcExitProcess
00103d58 T svcCreateThread
00103d78 T svcExitThread
00103d80 T svcSleepThread
00103d88 T svcReleaseMutex
00103d90 T svcCreateEvent
00103da4 T svcSignalEvent
00103dac T svcClearEvent
00103db4 T svcMapMemoryBlock
00103dbc T svcUnmapMemoryBlock
00103dc4 T svcCreateAddressArbiter
00103dd8 T svcArbitrateAddress
00103df0 T svcCloseHandle
00103df8 T svcWaitSynchronization
00103e00 T svcWaitSynchronizationN
00103e28 T svcDuplicateHandle
00103e3c T svcGetSystemTick
00103e44 T svcGetSystemInfo
00103e5c T svcConnectToPort
00103e70 T svcSendSyncRequest
00103e78 T svcBreak
00103e80 00000024 t addrMapNodeComparator(rbtree_node const*, rbtree_node const*)
00103ea4 00000004 t addrMapNodeDestructor(rbtree_node*)
00103ea8 0000013c T linearMemAlign
00103fe4 00000008 T linearAlloc
00103fec 00000050 T linearFree
0010403c 00000024 t addrMapNodeComparator(rbtree_node const*, rbtree_node const*)
00104060 00000004 t addrMapNodeDestructor(rbtree_node*)
00104064 000000f4 T mappableAlloc
00104158 00000050 T mappableFree
001041a8 00000098 T MemPool::CoalesceRight(MemBlock*)
00104240 00000178 T MemPool::Allocate(MemChunk&, unsigned long, int)
001043b8 00000100 T MemPool::Deallocate(MemChunk const&)
001044b8 00000024 t addrMapNodeComparator(rbtree_node const*, rbtree_node const*)
001044dc 00000004 t addrMapNodeDestructor(rbtree_node*)
001044e0 0000012c T vramMemAlign
0010460c 00000008 T vramAlloc
00104614 00000050 T vramFree
00104664 00000058 t getSysTime
001046bc 00000024 T osGetMemRegionUsed
001046e0 000000f4 T __libctru_gtod
001047d4 00000034 T __ctru_speedup_config
00104808 00000058 T srvExit
00104860 00000038 T srvRegisterClient
00104898 0000007c T srvInit
00104914 00000068 T srvGetServiceHandleDirect
0010497c 00000038 T srvGetServiceHandle
001049b4 00000034 t LightLock_Unlock.part.1
001049e8 0000000c T __sync_init
001049f4 00000018 T __sync_fini
00104a0c 00000010 T __sync_get_arbiter
00104a1c 00000018 T LightLock_Init
00104a34 000000a0 T LightLock_Lock
00104ad4 00000034 T LightLock_TryLock
00104b08 00000020 T LightLock_Unlock
00104b28 00000024 T RecursiveLock_Init
00104b4c 00000030 T RecursiveLock_Lock
00104b7c 00000058 T RecursiveLock_TryLock
00104bd4 00000038 T RecursiveLock_Unlock
00104c0c 00000038 T LightEvent_Init
00104c44 0000007c T LightEvent_Clear
00104cc0 000000dc T LightEvent_Signal
00104d9c 000000d0 T LightEvent_Wait
00104e6c 0000001c t threadFree.part.0
00104e88 000001bc T threadCreate
00105044 00000024 T threadJoin
00105068 00000064 T threadExit
001050cc 00000040 t _thread_begin
0010510c 00000074 T ptmSysmInit
00105180 0000003c T ptmSysmExit
001051bc 00000034 T PTMSYSM_ConfigureNew3DSCPU
001051f0 00000070 T rbtree_find
00105260 00000014 T rbtree_init
00105274 0000018c t do_insert
00105400 00000008 T rbtree_insert
00105408 00000324 T rbtree_remove
0010572c 00000094 T rbtree_rotate
001057c0 00000058 t osGetMemRegionSize
00105818 00000104 W __system_allocateHeaps
0010591c 0000001c W __appExit
00105938 0000001c W __appInit
00105954 000000a4 W __libctru_exit
001059f8 00000084 T envGetHandle
00105a7c 0000004c T envDestroyHandles
00105ac8 00000010 t sdmc_link
00105ad8 00000010 t sdmc_dirreset
00105ae8 00000010 t sdmc_fchmod
00105af8 00000024 t error_cmp
00105b1c 00000050 t sdmc_translate_error
00105b6c 00000034 t sdmc_fsync
00105ba0 00000054 t sdmc_ftruncate
00105bf4 000000b8 t sdmc_statvfs
00105cac 00000038 t sdmc_dirclose
00105ce4 00000138 t sdmc_dirnext
00105e1c 00000034 t sdmc_close
00105e50 00000074 t sdmc_fstat
00105ec4 000000d8 t sdmc_seek
00105f9c 00000084 t sdmc_read
00106020 000000b8 t sdmc_write
001060d8 000001ac t sdmc_utf16path
00106284 00000074 t sdmc_rmdir
001062f8 000000a4 t sdmc_diropen
0010639c 000000a0 t sdmc_chdir
0010643c 00000098 t sdmc_mkdir
001064d4 00000108 t sdmc_rename
001065dc 00000074 t sdmc_unlink
00106650 00000108 t sdmc_stat
00106758 00000188 t sdmc_open
001068e0 00000010 t sdmc_chmod
001068f0 00000160 T sdmcInit
00106a50 00000060 T sdmcExit
00106ab0 00000028 t fsSessionForArchive.part.0
00106ad8 000000cc T fsInit
00106ba4 0000003c T fsExit
00106be0 000000a0 T fsExemptFromSession
00106c80 00000050 T fsUnexemptFromSession
00106cd0 000000bc T FSUSER_OpenFile
00106d8c 000000a4 T FSUSER_DeleteFile
00106e30 000000e0 T FSUSER_RenameFile
00106f10 000000a4 T FSUSER_DeleteDirectory
00106fb4 000000bc T FSUSER_CreateFile
00107070 000000ac T FSUSER_CreateDirectory
0010711c 000000e0 T FSUSER_RenameDirectory
001071fc 000000a4 T FSUSER_OpenDirectory
001072a0 00000098 T FSUSER_OpenArchive
00107338 00000074 T FSUSER_CloseArchive
001073ac 00000078 T FSUSER_GetSdmcArchiveResource
00107424 00000064 T FSUSER_IsSdmcWritable
00107488 0000005c T FSFILE_Read
001074e4 00000064 T FSFILE_Write
00107548 0000003c T FSFILE_GetSize
00107584 0000002c T FSFILE_SetSize
001075b0 0000003c T FSFILE_Close
001075ec 00000024 T FSFILE_Flush
00107610 00000054 T FSDIR_Read
00107664 0000003c T FSDIR_Close
001076a0 000000d0 T hidExit
00107770 00000090 T HIDUSER_GetHandles
00107800 000001ac T hidInit
001079ac 00000050 T IRRST_GetHandles
001079fc 0000015c T irrstInit
00107b58 0000002c T IRRST_Shutdown
00107b84 000000ac T irrstExit
00107c30 00000074 T rbtree_node_next
00107ca4 00000138 T decode_utf8
00107ddc 000000e8 T utf16_to_utf8
00107ec4 000000c0 T utf8_to_utf16
00107f84 T __aeabi_read_tp
00107f90 00000060 T decode_utf16
00107ff0 00000068 T encode_utf16
00108058 00000104 T encode_utf8
0010815c 00000128 T __udivmoddi4
00108284 00000074 T bsearch
001082f8 00000040 T __libc_fini_array
00108338 00000078 T __libc_init_array
001083b0 00000020 T memalign
001083d0 00000158 T _memalign_r
00108528 00000018 T malloc
00108540 00000018 T free
00108558 0000078c T _malloc_r
00108ce4 00000104 T memchr
00108de8 00000114 T memcpy
00108efc 00000110 T memset
0010900c 0000000c T __malloc_lock
00109018 0000000c T __malloc_unlock
00109024 00000038 T printf
0010905c 00000258 T setvbuf
001092b4 00000074 T sscanf
00109328 0000003c T __sread
00109364 00000008 T __seofread
0010936c 00000064 T __swrite
001093d0 0000004c T __sseek
0010941c 00000008 T __sclose
00109424 0000005c T strlen
00109480 0000009c T strncat
0010951c 000000d8 T strncpy
001095f4 0000290c T __ssvfscanf_r
0010bf00 0000001c t __sprint_r.part.0
0010bf1c 0000001c T __sprint_r
0010bf38 00001624 t get_arg
0010d560 00004314 T _vfprintf_r
00111874 000000cc t __sbprintf
00111940 000000a0 T _wcrtomb_r
001119e0 00000020 T _wcsrtombs_r
00111a00 00000144 T __swsetup_r
00111b44 000001d0 t quorem
00111d18 00001260 T _dtoa_r
00112f78 00000254 T __sflush_r
001131cc 00000094 T _fflush_r
00113260 0000000c T _cleanup_r
0011326c 00000080 t std.isra.0
001132ec 0000008c T __sinit
00113378 0000000c T __sfp_lock_acquire
00113384 0000000c T __sfp_lock_release
00113390 000000f8 T _malloc_trim_r
00113488 000002e4 T _free_r
0011376c 000004ac T __sfvwrite_r
00113c18 00000080 T _fwalk_reent
00113c98 00000074 T iswspace
00113d0c 00000204 t __jp2uc
00113f10 000000c8 T _jp2uc
00113fd8 00000008 T __localeconv_l
00113fe0 00000024 T _localeconv_r
00114004 00000024 T __locale_mb_cur_max
00114028 00000008 T __locale_ctype_ptr_l
00114030 00000024 T __locale_ctype_ptr
00114054 00000094 T __swhatbuf_r
001140e8 000000f4 T __smakebuf_r
001141dc 000000b4 T _mbrtowc_r
00114290 00000300 T __utf8_mbtowc
00114590 00000148 T memmove
001146d8 00000088 T _Balloc
00114760 0000001c T _Bfree
0011477c 000000d8 T __multadd
00114854 000000f0 T __s2b
00114944 00000058 T __hi0bits
0011499c 0000009c T __lo0bits
00114a38 00000020 T __i2b
00114a58 000001cc T __multiply
00114c24 00000100 T __pow5mult
00114d24 000000e4 T __lshift
00114e08 00000060 T __mcmp
00114e68 00000198 T __mdiff
00115000 00000078 T __ulp
00115078 000000d4 T __b2d
0011514c 00000108 T __d2b
00115254 0000007c T __ratio
001152d0 0000006c T __copybits
0011533c 00000080 T __any_on
001153bc 000004cc T _realloc_r
00115888 000000cc T __sccl
00115954 0000000c T nanf
00115960 0000009c T frexp
001159fc 00000068 T sprintf
00115a64 00000100 T stpncpy
00115b64 000001ac T strchr
00115d10 00000108 T strncmp
00115e18 00000054 t sulp
00115e70 00001434 T _strtod_l
001172a4 0000003c T _strtod_r
001172e0 000002dc t _strtoll_l.isra.0
001175bc 00000050 T _strtoll_r
0011760c 00000220 t _strtol_l.isra.0
0011782c 00000050 T _strtol_r
00117880 00000268 t _strtoull_l.isra.0
00117ae8 00000050 T _strtoull_r
00117b38 000001e4 t _strtoul_l.isra.0
00117d1c 00000050 T _strtoul_r
00117d6c 00000188 T __ssprint_r
00117ef4 000000e8 T _sungetc_r
00117fdc 0000006c T __ssrefill_r
00118048 000000d0 T _sfread_r
00118118 00001624 t get_arg
00119740 000041c4 T _svfprintf_r
0011d904 000000a8 T __submore
0011d9ac 00000174 T _wcsnrtombs_l
0011db20 00000064 T _wcsnrtombs_r
0011db84 000000e8 T __utf8_wctomb
0011dc6c 00000090 T _calloc_r
0011dcfc 00000154 T _fclose_r
0011de50 000000f0 t rshift
0011df40 000007f4 T __gethex
0011e734 00000064 T __match
0011e798 00000264 T __hexnan
0011e9fc 00000008 t null_write
0011ea04 00000018 T setDefaultDevice
0011ea1c 000000cc T FindDevice
0011eae8 00000028 T RemoveDevice
0011eb10 00000098 T AddDevice
0011eba8 00000084 T _close_r
0011ec2c 0000007c T _fstat_r
0011eca8 00000008 T _isatty_r
0011ecb0 00000090 T _lseek_r
0011ed40 00000088 T _read_r
0011edc8 00000070 T _sbrk_r
0011ee38 00000088 T _write_r
0011eec0 000001d4 T _concatenate_path
0011f094 0000015c T chdir
0011f1f0 00000008 T __flockfile
0011f1f8 00000008 T __funlockfile
0011f200 00000018 T __libc_lock_acquire
0011f218 00000018 T __libc_lock_release
0011f230 00000018 T __libc_lock_init_recursive
0011f248 00000018 T __libc_lock_acquire_recursive
0011f260 00000018 T __libc_lock_release_recursive
0011f278 00000018 T __libc_lock_close_recursive
0011f290 0000004c T __free_handle
0011f2dc 00000040 T __release_handle
0011f31c 00000018 T __get_handle
0011f334 00000028 T __getreent
0011f35c 0000005c T strnlen
0011f3b8 00000044 T strrchr
0011f3fc T _fini
00120000 R default_font_bin
00120800 R default_font_bin_end
00120800 R default_font_bin_size
00120810 00000030 r colorTable
00120894 00000068 r dotab_stdout
00120910 00000014 r CSWTCH.28
00120924 00000008 r framebufferInfoSt
00120934 0000000c r serviceNameTable.7459
00120970 00000030 r error_table
001209e0 00000022 r basefix.8441
00120a44 r .LC2
00120a48 00000010 r blanks.8415
00120a58 00000010 r zeroes.8416
00120a8c 000000bc r a1
00120b48 000000bc r a2
00120c04 0000005b r a3
00120c60 00000070 r a6
00120cd0 000000a2 r a7
00120d74 00000040 r a8
00120db4 0000172a r b02cf
001224e0 00001a7c r d02f4
00123fa8 00000028 R __mprec_bigtens
00123fd0 000000c8 R __mprec_tens
00124098 0000000c r p05.7191
001240b4 00000014 r fpi.7277
001240c8 00000014 r fpinan.7313
001240e0 00000028 r tinytens
00124108 0000006c R __action_table
00124174 00000100 R __chclass
00124274 0000006c R __state_table
001242e0 00000010 r blanks.8400
001242f0 00000010 r zeroes.8401
00124300 00000101 R _ctype_
00124404 00000100 R __hexdig
0012450c 00000068 R dotab_stdnull
00124574 00000003 R DIRECTORY_PARENT
00124578 r __EH_FRAME_BEGIN__
00124578 R __exidx_end
00124578 R __exidx_start
00125000 d str
00125009 d a
0012500d d b
00125011 d c
00125018 W __stacksize__
0012501c 00000004 D currentConsole
00125020 0000004c D defaultConsole
0012506c 00000001 d firstConsoleInit.7767
0012506d 00000001 d botFormat
00125070 00000008 d doubleBuf
00125078 00000001 d topFormat
0012507c 00000004 d aptFlags
00125080 00000004 d gspLastEvent
00125084 00000004 V __ctru_linear_heap_size
00125088 00000401 d __cwd
0012548c 00000068 d sdmc_devoptab
001254f4 00000004 D _impure_ptr
001254f8 00000460 d impure_data
00125958 00000408 D __malloc_av_
00125d60 00000004 D __malloc_sbrk_base
00125d64 00000004 D __malloc_trim_threshold
00125d68 0000000c d __malloc_lock_object
00125d74 0000000c d __sfp_lock
00125d80 0000000c d __sinit_lock
00125d8c 0000016c D __global_locale
00125ef8 00000004 d defaultDevice
00125efc 00000040 D devoptab_list
00125f3c 00001000 d _current_working_directory
00126f3c 00000004 d __hndl_lock
00126f40 0000000c d __stderr_handle
00126f4c 0000000c d __stdin_handle
00126f58 0000000c d __stdout_handle
00126f64 00001000 d handles
00127f64 t __frame_dummy_init_array_entry
00127f64 T __init_array_start
00127f64 d __JCR_LIST__
00127f64 B __preinit_array_end
00127f64 B __preinit_array_start
00127f64 D __tdata_lma
00127f64 D __tdata_lma_end
00127f64 D __TMC_END__
00127f64 d __TMC_LIST__
00127f68 t __do_global_dtors_aux_fini_array_entry
00127f68 T __fini_array_start
00127f68 T __init_array_end
00127f6c T __bss_start__
00127f6c T __fini_array_end
00127f6c b saved_stack
00127f74 b completed.7620
00127f78 b object.7625
00127f90 00000002 b currentBuffer
00127f92 00000001 b enable3d
00127f94 00000004 b screenAlloc
00127f98 00000004 b screenFree
00127f9c 00000001 b aptChainloadMediatype
00127fa0 00000008 b aptChainloadTid
00127fa8 00000004 b aptEventHandlerThread
00127fac 0000000c b aptEvents
00127fb8 0000000c b aptFirstHook
00127fc4 00000001 b aptHomeButtonState
00127fc8 00000004 b aptLockHandle
00127fcc 00000004 b aptMessageFunc
00127fd0 00000004 b aptMessageFuncData
00127fd4 00001000 b aptParameters
00128fd4 00000004 b aptRefCount
00128fd8 00000008 b aptSleepEvent
00128fe0 00000001 b flagInit.7819
00128fe1 00000001 b flagValue.7820
00128fe4 00000004 b serviceName.7458
00128fe8 00000004 b gspEvent
00128fec 0000001c b gspEventCb
00129008 0000001c b gspEventCbData
00129024 00000007 b gspEventCbOneShot
0012902c 0000001c b gspEventCounts
00129048 00000004 b gspEventData
0012904c 00000004 b gspEventThread
00129050 00000038 b gspEvents
00129088 00000004 b gspRefCount
0012908c 00000001 b gspRunEvents
00129090 00000008 b sLinearPool
00129098 0000000c b sAddrMap
001290a4 00000008 b sMappablePool
001290ac 0000000c b sAddrMap
001290b8 0000000c b sAddrMap
001290c4 00000008 b sVramPool
001290cc 00000001 V __ctru_speedup
001290d0 00000004 b srvHandle
001290d4 00000004 b srvRefCount
001290d8 00000004 b arbiter
001290dc 00000004 b ptmSysmHandle
001290e0 00000004 b ptmSysmRefCount
001290e4 00000004 V __ctru_heap_size
001290e8 00000008 b sdmcArchive
001290f0 00000001 b sdmcInitialised
001290f8 00000080 b fsExemptArchives
00129178 00000004 b fsuHandle
0012917c 00000004 b fsuRefCount
00129180 00000004 b hidRefCount
00129184 00000004 b kDown
00129188 00000004 b kHeld
0012918c 00000004 b kOld
00129190 00000004 b kUp
00129194 00000004 b irrstRefCount
00129198 00000004 b kHeld
0012919c 00000028 B __malloc_current_mallinfo
001291c4 00000004 B __malloc_max_sbrked_mem
001291c8 00000004 B __malloc_max_total_mem
001291cc 00000004 B __malloc_top_pad
001291d0 00000004 b heap_start.6927
001291d4 00000004 B fake_heap_end
001291d8 00000004 B fake_heap_start
001291dc 00001000 b temp_cwd
0012a1dc 00000038 B __syscalls
0012a214 0000004c B currentCopy
0012a260 00000008 B gfxBottomFramebuffers
0012a268 00000004 B gspSharedMemHandle
0012a26c 0000001c B bottomFramebufferInfo
0012a288 00000004 B gspEvent
0012a28c 00000008 B gfxTopLeftFramebuffers
0012a294 00000008 B gfxTopRightFramebuffers
0012a29c 0000001c B topFramebufferInfo
0012a2b8 00000001 B gfxThreadID
0012a2bc 00000004 B gfxSharedMemory
0012a2c0 00000004 B gfxTopFramebufferMaxSize
0012a2c4 00000004 B gfxBottomFramebufferMaxSize
0012a2c8 00000004 B gxCmdBuf
0012a2cc 00000004 B gspGpuHandle
0012a2d0 00000004 B __system_argv
0012a2d4 00000004 B __system_argc
0012a2d8 00000004 B __system_retAddr
0012a2dc 00000004 B __ctru_linear_heap
0012a2e0 00000004 B __ctru_heap
0012a2e4 00000004 B hidMemHandle
0012a2e8 00000004 B hidHandle
0012a2ec 00000004 B hidSharedMem
0012a2f0 00000014 B hidEvents
0012a304 00000004 B irrstHandle
0012a308 00000004 B irrstEvent
0012a30c 00000004 B irrstMemHandle
0012a310 00000004 B irrstSharedMem
0012a314 B __tls_start
0012b720 B __bss_end__
0012b720 A __end__
0012b720 B __tls_end
