         w __deregister_frame_info
         w __register_frame_info
         w _ITM_deregisterTMCloneTable
         w _ITM_registerTMCloneTable
         w _Jv_RegisterClasses
00000000 b .LANCHOR2
00000000 00000401 b __fixedpath
00000000 b _TLS_MODULE_BASE_
00000000 a shift
00000000 a shift
00000404 b .LANCHOR4
00000404 00000802 b __utf16path
00000c08 b .LANCHOR6
00000c08 00000802 b __utf16path_old.7945
00100000 a __start__
00100000 T _start
00100008 T __service_ptr
0010000c T __apt_appid
00100010 T __heap_size
00100014 T __linear_heap_size
00100018 T __system_arglist
0010001c T __system_runflags
00100020 t startup
00100058 t ClearMem
0010006c t ClrLoop
00100094 T _init
001000ac T main
001000d0 t loop
001000e0 t exit
001000f0 T initSystem
00100134 T __ctru_exit
00100154 T __aeabi_idiv
00100154 00000220 T __divsi3
0010015c t .divsi3_skip_div0_test
00100374 00000020 T __aeabi_idivmod
00100394 00000004 W __aeabi_idiv0
00100394 00000004 W __aeabi_ldiv0
00100398 T __aeabi_uldivmod
001003e8 00000390 T strcmp
00100770 t .udivsi3_skip_div0_test
00100770 T __aeabi_uidiv
00100770 000001ec T __udivsi3
0010095c 00000020 T __aeabi_uidivmod
0010097c t deregister_tm_clones
001009ac t register_tm_clones
001009e4 t __do_global_dtors_aux
00100a28 t frame_dummy
00100a84 000001b0 T consoleDrawChar
00100c34 00000124 T consolePrintChar
00100d58 00000190 t consoleCls
00100ee8 00000104 T consoleInit
00100fec 00000144 t consoleClearLine
00101130 000000bc t newRow
001011ec 00000774 T con_write
00101960 0000008c t gfxSetFramebufferInfo.part.0
001019ec 00000018 T __get_bytes_per_pixel
00101a04 00000180 T gfxSetScreenFormat
00101b84 00000010 T gfxSetDoubleBuffering
00101b94 00000070 T gfxSetFramebufferInfo
00101c04 000000b0 T gfxWriteFramebufferInfo
00101cb4 0000020c T gfxInit
00101ec0 00000010 T gfxInitDefault
00101ed0 000000e0 T gfxExit
00101fb0 000000bc T gfxGetFramebuffer
0010206c 000000e0 T gfxFlushBuffers
0010214c 00000060 T gfxConfigScreen
001021ac 00000020 T gfxSwapBuffersGpu
001021cc 00000004 W _aptDebug
001021d0 00000138 T aptSendCommand
00102308 0000003c t aptExitProcess
00102344 0000004c T APT_InquireNotification
00102390 0000019c t aptEventHandler
0010252c 00000074 T APT_AppletUtility
001025a0 000000b4 T aptSetSleepAllowed
00102654 000000b4 T APT_GlanceParameter
00102708 000000c0 T APT_ReceiveParameter
001027c8 000000bc t aptReceiveParameter.constprop.0
00102888 000001ec t aptScreenTransfer
00102a74 00000228 t aptWaitForWakeUp
00102c9c 00000070 T APT_CancelParameter
00102d0c 0000027c T aptInit
00102f88 00000090 t aptClearParamQueue
00103018 00000210 T aptMainLoop
00103228 0000021c T aptExit
00103444 0000007c T APT_CheckNew3DS
001034c0 00000074 T gspInit
00103534 0000003c T gspExit
00103570 000000a0 T gspInitEventHandler
00103610 00000040 T gspExitEventHandler
00103650 00000044 T gspWaitForEvent
00103694 00000004 W gxCmdQueueInterrupt
00103698 0000017c t gspEventThreadMain
00103814 0000006c T GSPGPU_SetBufferSwap
00103880 0000004c T GSPGPU_FlushDataCache
001038cc 00000034 T GSPGPU_SetLcdForceBlack
00103900 00000064 T GSPGPU_RegisterInterruptRelayQueue
00103964 0000002c T GSPGPU_UnregisterInterruptRelayQueue
00103990 00000048 T GSPGPU_AcquireRight
001039d8 0000002c T GSPGPU_ReleaseRight
00103a04 00000080 T GSPGPU_ImportDisplayCaptureInfo
00103a84 0000002c T GSPGPU_SaveVramSysArea
00103ab0 0000002c T GSPGPU_RestoreVramSysArea
00103adc 000000e8 T __system_initArgv
00103bc4 00000038 W __libctru_init
00103bfc 00000030 t __ctru_get_reent
00103c2c 000000e4 T __system_initSyscalls
00103d10 T svcControlMemory
00103d30 T svcExitProcess
00103d38 T svcCreateThread
00103d58 T svcExitThread
00103d60 T svcSleepThread
00103d68 T svcReleaseMutex
00103d70 T svcCreateEvent
00103d84 T svcSignalEvent
00103d8c T svcClearEvent
00103d94 T svcMapMemoryBlock
00103d9c T svcUnmapMemoryBlock
00103da4 T svcCreateAddressArbiter
00103db8 T svcArbitrateAddress
00103dd0 T svcCloseHandle
00103dd8 T svcWaitSynchronization
00103de0 T svcWaitSynchronizationN
00103e08 T svcDuplicateHandle
00103e1c T svcGetSystemTick
00103e24 T svcGetSystemInfo
00103e3c T svcConnectToPort
00103e50 T svcSendSyncRequest
00103e58 T svcBreak
00103e60 00000024 t addrMapNodeComparator(rbtree_node const*, rbtree_node const*)
00103e84 00000004 t addrMapNodeDestructor(rbtree_node*)
00103e88 0000013c T linearMemAlign
00103fc4 00000008 T linearAlloc
00103fcc 00000050 T linearFree
0010401c 00000024 t addrMapNodeComparator(rbtree_node const*, rbtree_node const*)
00104040 00000004 t addrMapNodeDestructor(rbtree_node*)
00104044 000000f4 T mappableAlloc
00104138 00000050 T mappableFree
00104188 00000098 T MemPool::CoalesceRight(MemBlock*)
00104220 00000178 T MemPool::Allocate(MemChunk&, unsigned long, int)
00104398 00000100 T MemPool::Deallocate(MemChunk const&)
00104498 00000024 t addrMapNodeComparator(rbtree_node const*, rbtree_node const*)
001044bc 00000004 t addrMapNodeDestructor(rbtree_node*)
001044c0 0000012c T vramMemAlign
001045ec 00000008 T vramAlloc
001045f4 00000050 T vramFree
00104644 00000058 t getSysTime
0010469c 00000024 T osGetMemRegionUsed
001046c0 000000f4 T __libctru_gtod
001047b4 00000034 T __ctru_speedup_config
001047e8 00000058 T srvExit
00104840 00000038 T srvRegisterClient
00104878 0000007c T srvInit
001048f4 00000068 T srvGetServiceHandleDirect
0010495c 00000038 T srvGetServiceHandle
00104994 00000034 t LightLock_Unlock.part.1
001049c8 0000000c T __sync_init
001049d4 00000018 T __sync_fini
001049ec 00000010 T __sync_get_arbiter
001049fc 00000018 T LightLock_Init
00104a14 000000a0 T LightLock_Lock
00104ab4 00000034 T LightLock_TryLock
00104ae8 00000020 T LightLock_Unlock
00104b08 00000024 T RecursiveLock_Init
00104b2c 00000030 T RecursiveLock_Lock
00104b5c 00000058 T RecursiveLock_TryLock
00104bb4 00000038 T RecursiveLock_Unlock
00104bec 00000038 T LightEvent_Init
00104c24 0000007c T LightEvent_Clear
00104ca0 000000dc T LightEvent_Signal
00104d7c 000000d0 T LightEvent_Wait
00104e4c 0000001c t threadFree.part.0
00104e68 000001bc T threadCreate
00105024 00000024 T threadJoin
00105048 00000064 T threadExit
001050ac 00000040 t _thread_begin
001050ec 00000074 T ptmSysmInit
00105160 0000003c T ptmSysmExit
0010519c 00000034 T PTMSYSM_ConfigureNew3DSCPU
001051d0 00000070 T rbtree_find
00105240 00000014 T rbtree_init
00105254 0000018c t do_insert
001053e0 00000008 T rbtree_insert
001053e8 00000324 T rbtree_remove
0010570c 00000094 T rbtree_rotate
001057a0 00000058 t osGetMemRegionSize
001057f8 00000104 W __system_allocateHeaps
001058fc 0000001c W __appExit
00105918 0000001c W __appInit
00105934 000000a4 W __libctru_exit
001059d8 00000084 T envGetHandle
00105a5c 0000004c T envDestroyHandles
00105aa8 00000010 t sdmc_link
00105ab8 00000010 t sdmc_dirreset
00105ac8 00000010 t sdmc_fchmod
00105ad8 00000024 t error_cmp
00105afc 00000050 t sdmc_translate_error
00105b4c 00000034 t sdmc_fsync
00105b80 00000054 t sdmc_ftruncate
00105bd4 000000b8 t sdmc_statvfs
00105c8c 00000038 t sdmc_dirclose
00105cc4 00000138 t sdmc_dirnext
00105dfc 00000034 t sdmc_close
00105e30 00000074 t sdmc_fstat
00105ea4 000000d8 t sdmc_seek
00105f7c 00000084 t sdmc_read
00106000 000000b8 t sdmc_write
001060b8 000001ac t sdmc_utf16path
00106264 00000074 t sdmc_rmdir
001062d8 000000a4 t sdmc_diropen
0010637c 000000a0 t sdmc_chdir
0010641c 00000098 t sdmc_mkdir
001064b4 00000108 t sdmc_rename
001065bc 00000074 t sdmc_unlink
00106630 00000108 t sdmc_stat
00106738 00000188 t sdmc_open
001068c0 00000010 t sdmc_chmod
001068d0 00000160 T sdmcInit
00106a30 00000060 T sdmcExit
00106a90 00000028 t fsSessionForArchive.part.0
00106ab8 000000cc T fsInit
00106b84 0000003c T fsExit
00106bc0 000000a0 T fsExemptFromSession
00106c60 00000050 T fsUnexemptFromSession
00106cb0 000000bc T FSUSER_OpenFile
00106d6c 000000a4 T FSUSER_DeleteFile
00106e10 000000e0 T FSUSER_RenameFile
00106ef0 000000a4 T FSUSER_DeleteDirectory
00106f94 000000bc T FSUSER_CreateFile
00107050 000000ac T FSUSER_CreateDirectory
001070fc 000000e0 T FSUSER_RenameDirectory
001071dc 000000a4 T FSUSER_OpenDirectory
00107280 00000098 T FSUSER_OpenArchive
00107318 00000074 T FSUSER_CloseArchive
0010738c 00000078 T FSUSER_GetSdmcArchiveResource
00107404 00000064 T FSUSER_IsSdmcWritable
00107468 0000005c T FSFILE_Read
001074c4 00000064 T FSFILE_Write
00107528 0000003c T FSFILE_GetSize
00107564 0000002c T FSFILE_SetSize
00107590 0000003c T FSFILE_Close
001075cc 00000024 T FSFILE_Flush
001075f0 00000054 T FSDIR_Read
00107644 0000003c T FSDIR_Close
00107680 000000d0 T hidExit
00107750 00000090 T HIDUSER_GetHandles
001077e0 000001ac T hidInit
0010798c 00000050 T IRRST_GetHandles
001079dc 0000015c T irrstInit
00107b38 0000002c T IRRST_Shutdown
00107b64 000000ac T irrstExit
00107c10 00000074 T rbtree_node_next
00107c84 00000138 T decode_utf8
00107dbc 000000e8 T utf16_to_utf8
00107ea4 000000c0 T utf8_to_utf16
00107f64 T __aeabi_read_tp
00107f70 00000060 T decode_utf16
00107fd0 00000068 T encode_utf16
00108038 00000104 T encode_utf8
0010813c 00000128 T __udivmoddi4
00108264 00000074 T bsearch
001082d8 00000040 T __libc_fini_array
00108318 00000078 T __libc_init_array
00108390 00000020 T memalign
001083b0 00000158 T _memalign_r
00108508 00000018 T malloc
00108520 00000018 T free
00108538 0000078c T _malloc_r
00108cc4 00000104 T memchr
00108dc8 00000114 T memcpy
00108edc 00000110 T memset
00108fec 0000000c T __malloc_lock
00108ff8 0000000c T __malloc_unlock
00109004 00000038 T printf
0010903c 00000258 T setvbuf
00109294 00000074 T sscanf
00109308 0000003c T __sread
00109344 00000008 T __seofread
0010934c 00000064 T __swrite
001093b0 0000004c T __sseek
001093fc 00000008 T __sclose
00109404 0000005c T strlen
00109460 0000009c T strncat
001094fc 000000d8 T strncpy
001095d4 0000290c T __ssvfscanf_r
0010bee0 0000001c t __sprint_r.part.0
0010befc 0000001c T __sprint_r
0010bf18 00001624 t get_arg
0010d540 00004314 T _vfprintf_r
00111854 000000cc t __sbprintf
00111920 000000a0 T _wcrtomb_r
001119c0 00000020 T _wcsrtombs_r
001119e0 00000144 T __swsetup_r
00111b24 000001d0 t quorem
00111cf8 00001260 T _dtoa_r
00112f58 00000254 T __sflush_r
001131ac 00000094 T _fflush_r
00113240 0000000c T _cleanup_r
0011324c 00000080 t std.isra.0
001132cc 0000008c T __sinit
00113358 0000000c T __sfp_lock_acquire
00113364 0000000c T __sfp_lock_release
00113370 000000f8 T _malloc_trim_r
00113468 000002e4 T _free_r
0011374c 000004ac T __sfvwrite_r
00113bf8 00000080 T _fwalk_reent
00113c78 00000074 T iswspace
00113cec 00000204 t __jp2uc
00113ef0 000000c8 T _jp2uc
00113fb8 00000008 T __localeconv_l
00113fc0 00000024 T _localeconv_r
00113fe4 00000024 T __locale_mb_cur_max
00114008 00000008 T __locale_ctype_ptr_l
00114010 00000024 T __locale_ctype_ptr
00114034 00000094 T __swhatbuf_r
001140c8 000000f4 T __smakebuf_r
001141bc 000000b4 T _mbrtowc_r
00114270 00000300 T __utf8_mbtowc
00114570 00000148 T memmove
001146b8 00000088 T _Balloc
00114740 0000001c T _Bfree
0011475c 000000d8 T __multadd
00114834 000000f0 T __s2b
00114924 00000058 T __hi0bits
0011497c 0000009c T __lo0bits
00114a18 00000020 T __i2b
00114a38 000001cc T __multiply
00114c04 00000100 T __pow5mult
00114d04 000000e4 T __lshift
00114de8 00000060 T __mcmp
00114e48 00000198 T __mdiff
00114fe0 00000078 T __ulp
00115058 000000d4 T __b2d
0011512c 00000108 T __d2b
00115234 0000007c T __ratio
001152b0 0000006c T __copybits
0011531c 00000080 T __any_on
0011539c 000004cc T _realloc_r
00115868 000000cc T __sccl
00115934 0000000c T nanf
00115940 0000009c T frexp
001159dc 00000068 T sprintf
00115a44 00000100 T stpncpy
00115b44 000001ac T strchr
00115cf0 00000108 T strncmp
00115df8 00000054 t sulp
00115e50 00001434 T _strtod_l
00117284 0000003c T _strtod_r
001172c0 000002dc t _strtoll_l.isra.0
0011759c 00000050 T _strtoll_r
001175ec 00000220 t _strtol_l.isra.0
0011780c 00000050 T _strtol_r
00117860 00000268 t _strtoull_l.isra.0
00117ac8 00000050 T _strtoull_r
00117b18 000001e4 t _strtoul_l.isra.0
00117cfc 00000050 T _strtoul_r
00117d4c 00000188 T __ssprint_r
00117ed4 000000e8 T _sungetc_r
00117fbc 0000006c T __ssrefill_r
00118028 000000d0 T _sfread_r
001180f8 00001624 t get_arg
00119720 000041c4 T _svfprintf_r
0011d8e4 000000a8 T __submore
0011d98c 00000174 T _wcsnrtombs_l
0011db00 00000064 T _wcsnrtombs_r
0011db64 000000e8 T __utf8_wctomb
0011dc4c 00000090 T _calloc_r
0011dcdc 00000154 T _fclose_r
0011de30 000000f0 t rshift
0011df20 000007f4 T __gethex
0011e714 00000064 T __match
0011e778 00000264 T __hexnan
0011e9dc 00000008 t null_write
0011e9e4 00000018 T setDefaultDevice
0011e9fc 000000cc T FindDevice
0011eac8 00000028 T RemoveDevice
0011eaf0 00000098 T AddDevice
0011eb88 00000084 T _close_r
0011ec0c 0000007c T _fstat_r
0011ec88 00000008 T _isatty_r
0011ec90 00000090 T _lseek_r
0011ed20 00000088 T _read_r
0011eda8 00000070 T _sbrk_r
0011ee18 00000088 T _write_r
0011eea0 000001d4 T _concatenate_path
0011f074 0000015c T chdir
0011f1d0 00000008 T __flockfile
0011f1d8 00000008 T __funlockfile
0011f1e0 00000018 T __libc_lock_acquire
0011f1f8 00000018 T __libc_lock_release
0011f210 00000018 T __libc_lock_init_recursive
0011f228 00000018 T __libc_lock_acquire_recursive
0011f240 00000018 T __libc_lock_release_recursive
0011f258 00000018 T __libc_lock_close_recursive
0011f270 0000004c T __free_handle
0011f2bc 00000040 T __release_handle
0011f2fc 00000018 T __get_handle
0011f314 00000028 T __getreent
0011f33c 0000005c T strnlen
0011f398 00000044 T strrchr
0011f3dc T _fini
00120000 R default_font_bin
00120800 R default_font_bin_end
00120800 R default_font_bin_size
00120810 00000030 r colorTable
00120894 00000068 r dotab_stdout
00120910 00000014 r CSWTCH.28
00120924 00000008 r framebufferInfoSt
00120934 0000000c r serviceNameTable.7459
00120970 00000030 r error_table
001209e0 00000022 r basefix.8441
00120a44 r .LC2
00120a48 00000010 r blanks.8415
00120a58 00000010 r zeroes.8416
00120a8c 000000bc r a1
00120b48 000000bc r a2
00120c04 0000005b r a3
00120c60 00000070 r a6
00120cd0 000000a2 r a7
00120d74 00000040 r a8
00120db4 0000172a r b02cf
001224e0 00001a7c r d02f4
00123fa8 00000028 R __mprec_bigtens
00123fd0 000000c8 R __mprec_tens
00124098 0000000c r p05.7191
001240b4 00000014 r fpi.7277
001240c8 00000014 r fpinan.7313
001240e0 00000028 r tinytens
00124108 0000006c R __action_table
00124174 00000100 R __chclass
00124274 0000006c R __state_table
001242e0 00000010 r blanks.8400
001242f0 00000010 r zeroes.8401
00124300 00000101 R _ctype_
00124404 00000100 R __hexdig
0012450c 00000068 R dotab_stdnull
00124574 00000003 R DIRECTORY_PARENT
00124578 r __EH_FRAME_BEGIN__
00124578 R __exidx_end
00124578 R __exidx_start
00125000 d str
00125010 W __stacksize__
00125014 00000004 D currentConsole
00125018 0000004c D defaultConsole
00125064 00000001 d firstConsoleInit.7767
00125065 00000001 d botFormat
00125068 00000008 d doubleBuf
00125070 00000001 d topFormat
00125074 00000004 d aptFlags
00125078 00000004 d gspLastEvent
0012507c 00000004 V __ctru_linear_heap_size
00125080 00000401 d __cwd
00125484 00000068 d sdmc_devoptab
001254ec 00000004 D _impure_ptr
001254f0 00000460 d impure_data
00125950 00000408 D __malloc_av_
00125d58 00000004 D __malloc_sbrk_base
00125d5c 00000004 D __malloc_trim_threshold
00125d60 0000000c d __malloc_lock_object
00125d6c 0000000c d __sfp_lock
00125d78 0000000c d __sinit_lock
00125d84 0000016c D __global_locale
00125ef0 00000004 d defaultDevice
00125ef4 00000040 D devoptab_list
00125f34 00001000 d _current_working_directory
00126f34 00000004 d __hndl_lock
00126f38 0000000c d __stderr_handle
00126f44 0000000c d __stdin_handle
00126f50 0000000c d __stdout_handle
00126f5c 00001000 d handles
00127f5c t __frame_dummy_init_array_entry
00127f5c T __init_array_start
00127f5c d __JCR_LIST__
00127f5c B __preinit_array_end
00127f5c B __preinit_array_start
00127f5c D __tdata_lma
00127f5c D __tdata_lma_end
00127f5c D __TMC_END__
00127f5c d __TMC_LIST__
00127f60 t __do_global_dtors_aux_fini_array_entry
00127f60 T __fini_array_start
00127f60 T __init_array_end
00127f64 T __bss_start__
00127f64 T __fini_array_end
00127f64 b saved_stack
00127f6c b completed.7620
00127f70 b object.7625
00127f88 00000002 b currentBuffer
00127f8a 00000001 b enable3d
00127f8c 00000004 b screenAlloc
00127f90 00000004 b screenFree
00127f94 00000001 b aptChainloadMediatype
00127f98 00000008 b aptChainloadTid
00127fa0 00000004 b aptEventHandlerThread
00127fa4 0000000c b aptEvents
00127fb0 0000000c b aptFirstHook
00127fbc 00000001 b aptHomeButtonState
00127fc0 00000004 b aptLockHandle
00127fc4 00000004 b aptMessageFunc
00127fc8 00000004 b aptMessageFuncData
00127fcc 00001000 b aptParameters
00128fcc 00000004 b aptRefCount
00128fd0 00000008 b aptSleepEvent
00128fd8 00000001 b flagInit.7819
00128fd9 00000001 b flagValue.7820
00128fdc 00000004 b serviceName.7458
00128fe0 00000004 b gspEvent
00128fe4 0000001c b gspEventCb
00129000 0000001c b gspEventCbData
0012901c 00000007 b gspEventCbOneShot
00129024 0000001c b gspEventCounts
00129040 00000004 b gspEventData
00129044 00000004 b gspEventThread
00129048 00000038 b gspEvents
00129080 00000004 b gspRefCount
00129084 00000001 b gspRunEvents
00129088 00000008 b sLinearPool
00129090 0000000c b sAddrMap
0012909c 00000008 b sMappablePool
001290a4 0000000c b sAddrMap
001290b0 0000000c b sAddrMap
001290bc 00000008 b sVramPool
001290c4 00000001 V __ctru_speedup
001290c8 00000004 b srvHandle
001290cc 00000004 b srvRefCount
001290d0 00000004 b arbiter
001290d4 00000004 b ptmSysmHandle
001290d8 00000004 b ptmSysmRefCount
001290dc 00000004 V __ctru_heap_size
001290e0 00000008 b sdmcArchive
001290e8 00000001 b sdmcInitialised
001290f0 00000080 b fsExemptArchives
00129170 00000004 b fsuHandle
00129174 00000004 b fsuRefCount
00129178 00000004 b hidRefCount
0012917c 00000004 b kDown
00129180 00000004 b kHeld
00129184 00000004 b kOld
00129188 00000004 b kUp
0012918c 00000004 b irrstRefCount
00129190 00000004 b kHeld
00129194 00000028 B __malloc_current_mallinfo
001291bc 00000004 B __malloc_max_sbrked_mem
001291c0 00000004 B __malloc_max_total_mem
001291c4 00000004 B __malloc_top_pad
001291c8 00000004 b heap_start.6927
001291cc 00000004 B fake_heap_end
001291d0 00000004 B fake_heap_start
001291d4 00001000 b temp_cwd
0012a1d4 00000038 B __syscalls
0012a20c 0000004c B currentCopy
0012a258 00000008 B gfxBottomFramebuffers
0012a260 00000004 B gspSharedMemHandle
0012a264 0000001c B bottomFramebufferInfo
0012a280 00000004 B gspEvent
0012a284 00000008 B gfxTopLeftFramebuffers
0012a28c 00000008 B gfxTopRightFramebuffers
0012a294 0000001c B topFramebufferInfo
0012a2b0 00000001 B gfxThreadID
0012a2b4 00000004 B gfxSharedMemory
0012a2b8 00000004 B gfxTopFramebufferMaxSize
0012a2bc 00000004 B gfxBottomFramebufferMaxSize
0012a2c0 00000004 B gxCmdBuf
0012a2c4 00000004 B gspGpuHandle
0012a2c8 00000004 B __system_argv
0012a2cc 00000004 B __system_argc
0012a2d0 00000004 B __system_retAddr
0012a2d4 00000004 B __ctru_linear_heap
0012a2d8 00000004 B __ctru_heap
0012a2dc 00000004 B hidMemHandle
0012a2e0 00000004 B hidHandle
0012a2e4 00000004 B hidSharedMem
0012a2e8 00000014 B hidEvents
0012a2fc 00000004 B irrstHandle
0012a300 00000004 B irrstEvent
0012a304 00000004 B irrstMemHandle
0012a308 00000004 B irrstSharedMem
0012a30c B __tls_start
0012b718 B __bss_end__
0012b718 A __end__
0012b718 B __tls_end
